<?xml version="1.0" encoding="UTF-8"?>
<testng-results ignored="0" total="1" passed="1" failed="0" skipped="0">
  <reporter-output>
  </reporter-output>
  <suite started-at="2026-04-07T18:28:13 IST" name="Default suite" finished-at="2026-04-07T18:28:42 IST" duration-ms="28894">
    <groups>
    </groups>
    <test started-at="2026-04-07T18:28:13 IST" name="Default test" finished-at="2026-04-07T18:28:42 IST" duration-ms="28894">
      <class name="registerPagePackage.Register.TC_RF_018">
        <test-method signature="verifyingTheRegisteringFieldAccordingToClientRequirement()[pri:0, instance:registerPagePackage.Register.TC_RF_018@78691363]" started-at="2026-04-07T18:28:13 IST" name="verifyingTheRegisteringFieldAccordingToClientRequirement" finished-at="2026-04-07T18:28:42 IST" duration-ms="28857" status="PASS">
          <reporter-output>
          </reporter-output>
        </test-method> <!-- verifyingTheRegisteringFieldAccordingToClientRequirement -->
      </class> <!-- registerPagePackage.Register.TC_RF_018 -->
    </test> <!-- Default test -->
  </suite> <!-- Default suite -->
</testng-results>
