<?xml version="1.0" encoding="UTF-8"?>
<testng-results ignored="0" total="1" passed="1" failed="0" skipped="0">
  <reporter-output>
  </reporter-output>
  <suite started-at="2026-04-06T15:01:38 IST" name="Default suite" finished-at="2026-04-06T15:01:55 IST" duration-ms="16222">
    <groups>
    </groups>
    <test started-at="2026-04-06T15:01:38 IST" name="Default test" finished-at="2026-04-06T15:01:55 IST" duration-ms="16222">
      <class name="registerPagePackage.Register.TC_RF_010">
        <test-method signature="verifyingRegisteringAccountUsingInvalidEmail()[pri:0, instance:registerPagePackage.Register.TC_RF_010@73a1e9a9]" started-at="2026-04-06T15:01:38 IST" name="verifyingRegisteringAccountUsingInvalidEmail" finished-at="2026-04-06T15:01:55 IST" duration-ms="16179" status="PASS">
          <reporter-output>
          </reporter-output>
        </test-method> <!-- verifyingRegisteringAccountUsingInvalidEmail -->
      </class> <!-- registerPagePackage.Register.TC_RF_010 -->
    </test> <!-- Default test -->
  </suite> <!-- Default suite -->
</testng-results>
