<?xml version="1.0" encoding="UTF-8"?>
<!-- Generated by org.testng.reporters.JUnitReportReporter -->
<testsuite hostname="AbhishekMore" failures="0" tests="1" name="registerPagePackage.Register.TC_RF_018" time="66.141" errors="0" timestamp="2026-04-09T11:28:47 IST" skipped="0">
  <testcase classname="registerPagePackage.Register.TC_RF_018" name="verifyingTheRegisteringFieldAccordingToClientRequirement" time="66.141">
    <system-out>
      <![CDATA[BUG: Email field has character limit!]]>
    </system-out>
  </testcase> <!-- verifyingTheRegisteringFieldAccordingToClientRequirement -->
  <system-out>
    <![CDATA[BUG: Email field has character limit!]]>
  </system-out>
</testsuite> <!-- registerPagePackage.Register.TC_RF_018 -->
